==================================================================================================
Starting SFCADMIN on 06/01/2020 at  5:51:06.25
----------------------------------------------
 
==================================================================================================
 6:02:15.28: PROD MENU: S2 selected to run options 6-13....
--------------------------------------------------------
 6:02:17.16: Update sfcoffline html page - date and time
--------------------------------------------------------
 6:02:52.07: Update sfcoffline html page - date and time completed
----------------------------------------------------
 6:02:54.16: Check current users on Google Analytics
----------------------------------------------------
 6:02:59.00: Check current users on Google Analytics completed
-------------------------------------
 6:03:01.12: Push offline application
-------------------------------------
Pushing from manifest to org dhsc-skills-for-care-nmds-sc-2 / space production as paul.carvell@soprasteria.com...
Using manifest file manifest.yml
Getting app info...
Updating app with these attributes...
  name:                sfcoffline
  path:                C:\Projects\SfC\Repos\SFC-Offline
  buildpacks:
    https://github.com/cloudfoundry/staticfile-buildpack.git
  command:             $HOME/boot.sh
  disk quota:          1G
  health check type:   port
  instances:           1
  memory:              1G
  stack:               cflinuxfs3
  routes:
    sfcoffline.cloudapps.digital

Updating app sfcoffline...
Mapping routes...
Comparing local files to remote cache...
Packaging files to upload...
Uploading files...
 0 B / 1.89 KiB    0.00% 1.89 KiB / 1.89 KiB  100.00% 1.89 KiB / 1.89 KiB  100.00% 1.89 KiB / 1.89 KiB  100.00% 1.89 KiB / 1.89 KiB  100.00% 1.89 KiB / 1.89 KiB  100.00% 1.89 KiB / 1.89 KiB  100.00% 1s

Waiting for API to complete processing files...
   Cell b89ea5ce-3ffa-4451-8225-aab039a61683 creating container for instance 43896fb3-1e3f-4ce9-895c-fb164b6176f0
   Cell b89ea5ce-3ffa-4451-8225-aab039a61683 successfully created container for instance 43896fb3-1e3f-4ce9-895c-fb164b6176f0
   Downloading build artifacts cache...
   Downloading app package...
   Downloaded app package (1.9K)
   Downloaded build artifacts cache (2M)
   -----> Download go 1.12.4
   -----> Running go build supply
   /tmp/buildpackdownloads/49e489d3547d6eb82fdd6227f8309290 ~
   ~
   -----> Staticfile Buildpack version 1.5.3
          [31;1m**WARNING**[0m buildpack version changed from 1.5.2 to 1.5.3
   -----> Installing nginx
          Using nginx version 1.17.7
   -----> Installing nginx 1.17.7
          Download [https://buildpacks.cloudfoundry.org/dependencies/nginx-static/nginx-1.17.7-linux-x64-cflinuxfs3-2197ee1f.tgz]
   -----> Running go build finalize
   /tmp/buildpackdownloads/49e489d3547d6eb82fdd6227f8309290 ~
   ~
   -----> Root folder /tmp/app
   -----> Copying project files into public
   -----> Configuring nginx
   Exit status 0
   Uploading droplet, build artifacts cache...
   Uploading droplet...
   Uploading build artifacts cache...
   Uploaded build artifacts cache (2M)
   Uploaded droplet (2M)
   Uploading complete

Waiting for app to start...

name:              sfcoffline
requested state:   started
routes:            sfcoffline.cloudapps.digital
last uploaded:     Mon 06 Jan 06:04:15 GMT 2020
stack:             cflinuxfs3
buildpacks:        staticfile

type:            web
instances:       1/1
memory usage:    1024M
start command:   $HOME/boot.sh
     state     since                  cpu    memory    disk      details
#0   running   2020-01-06T06:04:25Z   0.0%   0 of 1G   0 of 1G   

 6:04:32.21: Push offline application completed
-----------------------------------------------------
 6:04:34.23: Switch route from sfcuatgreen to offline
-----------------------------------------------------
Creating route sfcuat.cloudapps.digital for org dhsc-skills-for-care-nmds-sc-2 / space production as paul.carvell@soprasteria.com...
OK
Route sfcuat.cloudapps.digital already exists
Adding route sfcuat.cloudapps.digital to app sfcoffline in org dhsc-skills-for-care-nmds-sc-2 / space production as paul.carvell@soprasteria.com...
OK
Creating route asc-wds.skillsforcare.org.uk for org dhsc-skills-for-care-nmds-sc-2 / space production as paul.carvell@soprasteria.com...
OK
Route asc-wds.skillsforcare.org.uk already exists
Adding route asc-wds.skillsforcare.org.uk to app sfcoffline in org dhsc-skills-for-care-nmds-sc-2 / space production as paul.carvell@soprasteria.com...
OK
Removing route sfcuat.cloudapps.digital from app sfcuatgreen in org dhsc-skills-for-care-nmds-sc-2 / space production as paul.carvell@soprasteria.com...
OK
Removing route asc-wds.skillsforcare.org.uk from app sfcuatgreen in org dhsc-skills-for-care-nmds-sc-2 / space production as paul.carvell@soprasteria.com...
OK
 6:05:04.09: Switch route from sfcuatgreen to offline completed
---------------------------------------------------
 6:05:06.21: Stop sfcuatgreen and start  sfcuatblue
---------------------------------------------------
Stopping app sfcuatgreen in org dhsc-skills-for-care-nmds-sc-2 / space production as paul.carvell@soprasteria.com...
OK
 6:05:24.20: Checking if database patches to be applied to sfcuatdb02
 6:05:28.93: Database patches applied to sfcuatdb01
Starting app sfcuatblue in org dhsc-skills-for-care-nmds-sc-2 / space production as paul.carvell@soprasteria.com...

Waiting for app to start...

name:              sfcuatblue
requested state:   started
routes:            sfcuatblue.cloudapps.digital
last uploaded:     Fri 03 Jan 17:39:04 GMT 2020
stack:             cflinuxfs3
buildpacks:        nodejs

type:            web
instances:       4/10
memory usage:    8192M
start command:   npm start
     state      since                  cpu      memory         disk         details
#0   running    2020-01-06T06:06:42Z   155.1%   732.2M of 8G   1.4G of 4G   
#1   starting   2020-01-06T06:05:47Z   152.5%   713.4M of 8G   1.4G of 4G   
#2   starting   2020-01-06T06:05:47Z   165.9%   638M of 8G     1.4G of 4G   
#3   starting   2020-01-06T06:05:47Z   164.6%   726.9M of 8G   1.4G of 4G   
#4   running    2020-01-06T06:06:43Z   152.9%   76.9M of 8G    1.4G of 4G   
#5   starting   2020-01-06T06:05:47Z   177.1%   556.5M of 8G   1.4G of 4G   
#6   starting   2020-01-06T06:05:47Z   172.9%   636.7M of 8G   1.4G of 4G   
#7   running    2020-01-06T06:06:43Z   151.9%   893.4M of 8G   1.4G of 4G   
#8   starting   2020-01-06T06:05:47Z   149.3%   548.1M of 8G   1.4G of 4G   
#9   running    2020-01-06T06:06:42Z   167.1%   708.5M of 8G   1.4G of 4G   
 6:06:52.42: Stop sfcuatgreen and start sfcuatblue completed
--------------------------------------------------------
 6:06:54.19: Switch Route from sfcoffline to  sfcuatblue
--------------------------------------------------------
Creating route sfcuat.cloudapps.digital for org dhsc-skills-for-care-nmds-sc-2 / space production as paul.carvell@soprasteria.com...
OK
Route sfcuat.cloudapps.digital already exists
Adding route sfcuat.cloudapps.digital to app sfcuatblue in org dhsc-skills-for-care-nmds-sc-2 / space production as paul.carvell@soprasteria.com...
OK
Creating route asc-wds.skillsforcare.org.uk for org dhsc-skills-for-care-nmds-sc-2 / space production as paul.carvell@soprasteria.com...
OK
Route asc-wds.skillsforcare.org.uk already exists
Adding route asc-wds.skillsforcare.org.uk to app sfcuatblue in org dhsc-skills-for-care-nmds-sc-2 / space production as paul.carvell@soprasteria.com...
OK
Removing route sfcuat.cloudapps.digital from app sfcoffline in org dhsc-skills-for-care-nmds-sc-2 / space production as paul.carvell@soprasteria.com...
OK
Removing route asc-wds.skillsforcare.org.uk from app sfcoffline in org dhsc-skills-for-care-nmds-sc-2 / space production as paul.carvell@soprasteria.com...
OK
 6:12:15.80: Switch Route from sfcoffline to sfcuatblue completed
----------------------------
 6:12:17.19: Stop sfcoffline
----------------------------
Stopping app sfcoffline in org dhsc-skills-for-care-nmds-sc-2 / space production as paul.carvell@soprasteria.com...
OK
 6:15:29.12: Stop sfcoffline completed
------------------------------------------------------------
 6:15:31.13: Remove Route cloudapps.digital from  sfcuatblue
------------------------------------------------------------
Removing route sfcuatblue.cloudapps.digital from app sfcuatblue in org dhsc-skills-for-care-nmds-sc-2 / space production as paul.carvell@soprasteria.com...
OK
 6:15:40.11: Remove Route cloudapps.digital from sfcuatblue completed
 6:15:42.20: PROD MENU: Options 6-13 completed
