==================================================================================================
Starting SFCADMIN on 27/01/2020 at  5:32:24.38
----------------------------------------------
 
==================================================================================================
 6:05:29.81: PROD MENU: S2 selected to run options 6-13....
--------------------------------------------------------
 6:05:31.23: Update sfcoffline html page - date and time
--------------------------------------------------------
 6:05:54.34: Update sfcoffline html page - date and time completed
----------------------------------------------------
 6:05:56.19: Check current users on Google Analytics
----------------------------------------------------
 6:06:01.04: Check current users on Google Analytics completed
-------------------------------------
 6:06:03.45: Push offline application
-------------------------------------
Pushing from manifest to org dhsc-skills-for-care-nmds-sc-2 / space production as paul.carvell@soprasteria.com...
Using manifest file manifest.yml
Getting app info...
Updating app with these attributes...
  name:                sfcoffline
  path:                C:\Projects\SfC\Repos\SFC-Offline
  buildpacks:
    https://github.com/cloudfoundry/staticfile-buildpack.git
  command:             $HOME/boot.sh
  disk quota:          1G
  health check type:   port
  instances:           1
  memory:              1G
  stack:               cflinuxfs3
  routes:
    sfcoffline.cloudapps.digital

Updating app sfcoffline...
Mapping routes...
Comparing local files to remote cache...
Packaging files to upload...
Uploading files...
 0 B / 922 B    0.00% 922 B / 922 B  100.00% 922 B / 922 B  100.00% 922 B / 922 B  100.00% 922 B / 922 B  100.00% 922 B / 922 B  100.00% 922 B / 922 B  100.00% 1s

Waiting for API to complete processing files...
   Cell f9c3f32e-f999-4efb-ae23-81a30ce9c4fa creating container for instance 07eba781-a313-4b0b-94aa-1ee7e123ea01
   Cell f9c3f32e-f999-4efb-ae23-81a30ce9c4fa successfully created container for instance 07eba781-a313-4b0b-94aa-1ee7e123ea01
   Downloading app package...
   Downloading build artifacts cache...
   Downloaded app package (922B)
   Downloaded build artifacts cache (2M)
   -----> Download go 1.12.4
   -----> Running go build supply
   /tmp/buildpackdownloads/49e489d3547d6eb82fdd6227f8309290 ~
   ~
   -----> Staticfile Buildpack version 1.5.3
   -----> Installing nginx
          Using nginx version 1.17.7
   -----> Installing nginx 1.17.7
          Copy [/tmp/cache/final/dependencies/32cc367f42403d1b44d4cc0430b0bc4dcee0dbaf8880e300be83f80894a77af8/nginx-1.17.7-linux-x64-cflinuxfs3-2197ee1f.tgz]
   -----> Running go build finalize
   /tmp/buildpackdownloads/49e489d3547d6eb82fdd6227f8309290 ~
   ~
   -----> Enabling custom pages for status_codes
   -----> Root folder /tmp/app
   -----> Copying project files into public
   -----> Configuring nginx
   Exit status 0
   Uploading droplet, build artifacts cache...
   Uploading droplet...
   Uploading build artifacts cache...
   Uploaded build artifacts cache (2M)
   Uploaded droplet (2M)
   Uploading complete
   Cell f9c3f32e-f999-4efb-ae23-81a30ce9c4fa stopping instance 07eba781-a313-4b0b-94aa-1ee7e123ea01
   Cell f9c3f32e-f999-4efb-ae23-81a30ce9c4fa destroying container for instance 07eba781-a313-4b0b-94aa-1ee7e123ea01

Waiting for app to start...

name:              sfcoffline
requested state:   started
routes:            sfcoffline.cloudapps.digital
last uploaded:     Mon 27 Jan 06:06:53 GMT 2020
stack:             cflinuxfs3
buildpacks:        staticfile

type:            web
instances:       1/1
memory usage:    1024M
start command:   $HOME/boot.sh
     state     since                  cpu    memory        disk         details
#0   running   2020-01-27T06:07:03Z   0.0%   10.3M of 1G   5.3M of 1G   

 6:07:11.41: Push offline application completed
-----------------------------------------------------
 6:07:13.23: Switch route from sfcuatgreen to offline
-----------------------------------------------------
Creating route sfcuat.cloudapps.digital for org dhsc-skills-for-care-nmds-sc-2 / space production as paul.carvell@soprasteria.com...
OK
Route sfcuat.cloudapps.digital already exists
Adding route sfcuat.cloudapps.digital to app sfcoffline in org dhsc-skills-for-care-nmds-sc-2 / space production as paul.carvell@soprasteria.com...
OK
Creating route asc-wds.skillsforcare.org.uk for org dhsc-skills-for-care-nmds-sc-2 / space production as paul.carvell@soprasteria.com...
OK
Route asc-wds.skillsforcare.org.uk already exists
Adding route asc-wds.skillsforcare.org.uk to app sfcoffline in org dhsc-skills-for-care-nmds-sc-2 / space production as paul.carvell@soprasteria.com...
OK
Removing route sfcuat.cloudapps.digital from app sfcuatgreen in org dhsc-skills-for-care-nmds-sc-2 / space production as paul.carvell@soprasteria.com...
OK
Removing route asc-wds.skillsforcare.org.uk from app sfcuatgreen in org dhsc-skills-for-care-nmds-sc-2 / space production as paul.carvell@soprasteria.com...
OK
 6:07:40.10: Switch route from sfcuatgreen to offline completed
---------------------------------------------------
 6:07:42.20: Stop sfcuatgreen and start  sfcuatblue
---------------------------------------------------
Stopping app sfcuatgreen in org dhsc-skills-for-care-nmds-sc-2 / space production as paul.carvell@soprasteria.com...
OK
 6:08:17.15: Checking if database patches to be applied to sfcuatdb01
 6:08:22.56: Running database script C:\Projects\SfC\Repos\SFC-DB\UAT\V1.14.7.patch.sql
------------------------------------------------------
Script: C:\Projects\SfC\Repos\SFC-DB\UAT\V1.14.7.patch.sql
------------------------------------------------------
BEGIN TRANSACTION;

ALTER TABLE cqc."Worker"
ADD COLUMN "EstablishmentFkSavedAt" timestamp with time zone,
ADD COLUMN "EstablishmentFkChangedAt" timestamp with time zone,
ADD COLUMN "EstablishmentFkSavedBy" character varying(120) COLLATE pg_catalog."default",
ADD COLUMN "EstablishmentFkChangedBy" character varying(120) COLLATE pg_catalog."default";

END TRANSACTION; 
------------------------------------------------------
Script output
------------------------------------------------------
BEGIN
ALTER TABLE
COMMIT
------------------------------------------------------
 6:08:22.56: Completed C:\Projects\SfC\Repos\SFC-DB\UAT\V1.14.7.patch.sql
 6:08:22.56: Database patches applied to sfcuatdb01
Starting app sfcuatblue in org dhsc-skills-for-care-nmds-sc-2 / space production as paul.carvell@soprasteria.com...

Waiting for app to start...

name:              sfcuatblue
requested state:   started
routes:            sfcuatblue.cloudapps.digital
last uploaded:     Fri 24 Jan 17:05:32 GMT 2020
stack:             cflinuxfs3
buildpacks:        nodejs

type:            web
instances:       1/10
memory usage:    8192M
start command:   npm start
     state      since                  cpu      memory         disk         details
#0   starting   2020-01-27T06:09:09Z   160.8%   710.6M of 8G   1.3G of 4G   
#1   starting   2020-01-27T06:09:09Z   153.2%   727.6M of 8G   1.3G of 4G   
#2   starting   2020-01-27T06:09:09Z   175.7%   636.7M of 8G   1.3G of 4G   
#3   starting   2020-01-27T06:09:09Z   165.0%   608.7M of 8G   1.3G of 4G   
#4   starting   2020-01-27T06:09:09Z   166.7%   656.9M of 8G   1.3G of 4G   
#5   starting   2020-01-27T06:09:09Z   180.0%   608.6M of 8G   1.3G of 4G   
#6   starting   2020-01-27T06:09:09Z   158.8%   701.3M of 8G   1.3G of 4G   
#7   starting   2020-01-27T06:09:09Z   172.8%   642.2M of 8G   1.3G of 4G   
#8   starting   2020-01-27T06:09:09Z   175.7%   606.8M of 8G   1.3G of 4G   
#9   running    2020-01-27T06:10:01Z   156.8%   796.4M of 8G   1.3G of 4G   
 6:10:06.23: Stop sfcuatgreen and start sfcuatblue completed
--------------------------------------------------------
 6:10:08.22: Switch Route from sfcoffline to  sfcuatblue
--------------------------------------------------------
Creating route sfcuat.cloudapps.digital for org dhsc-skills-for-care-nmds-sc-2 / space production as paul.carvell@soprasteria.com...
OK
Route sfcuat.cloudapps.digital already exists
Adding route sfcuat.cloudapps.digital to app sfcuatblue in org dhsc-skills-for-care-nmds-sc-2 / space production as paul.carvell@soprasteria.com...
OK
Creating route asc-wds.skillsforcare.org.uk for org dhsc-skills-for-care-nmds-sc-2 / space production as paul.carvell@soprasteria.com...
OK
Route asc-wds.skillsforcare.org.uk already exists
Adding route asc-wds.skillsforcare.org.uk to app sfcuatblue in org dhsc-skills-for-care-nmds-sc-2 / space production as paul.carvell@soprasteria.com...
OK
Removing route sfcuat.cloudapps.digital from app sfcoffline in org dhsc-skills-for-care-nmds-sc-2 / space production as paul.carvell@soprasteria.com...
OK
Removing route asc-wds.skillsforcare.org.uk from app sfcoffline in org dhsc-skills-for-care-nmds-sc-2 / space production as paul.carvell@soprasteria.com...
OK
 6:13:16.40: Switch Route from sfcoffline to sfcuatblue completed
----------------------------
 6:13:18.25: Stop sfcoffline
----------------------------
Stopping app sfcoffline in org dhsc-skills-for-care-nmds-sc-2 / space production as paul.carvell@soprasteria.com...
OK
 6:15:21.14: Stop sfcoffline completed
------------------------------------------------------------
 6:15:23.19: Remove Route cloudapps.digital from  sfcuatblue
------------------------------------------------------------
Removing route sfcuatblue.cloudapps.digital from app sfcuatblue in org dhsc-skills-for-care-nmds-sc-2 / space production as paul.carvell@soprasteria.com...
OK
 6:15:32.21: Remove Route cloudapps.digital from sfcuatblue completed
 6:15:34.13: PROD MENU: Options 6-13 completed
==================================================================================================
Starting SFCADMIN on 27/01/2020 at 10:21:48.07
----------------------------------------------
 
